[00:00:53] [Server thread/INFO]: [STDERR]: Spell Engine: Trying to perform spell wizards:frost_blizzard Entity not found: 4065
[00:00:55] [Server thread/INFO]: [STDERR]: Spell Engine: Trying to perform spell wizards:frost_blizzard Entity not found: 3157
[00:01:54] [Server thread/INFO]: Brick_123 has made the advancement [A Realistical Logical Ideologist]
[00:02:06] [Server thread/INFO]: Named entity class_1613['Dinnerbone'/2974, l='ServerLevel[world]', x=-4712.30, y=147.01, z=-9582.05] died: Dinnerbone was slain by Brick_123
[00:02:07] [Server thread/INFO]: Named entity class_1613['Dinnerbone'/3053, l='ServerLevel[world]', x=-4712.30, y=147.01, z=-9583.09] died: Dinnerbone was slain by Brick_123
[00:03:31] [Server thread/INFO]: <Brick_123> estas en casa barto?
[00:04:13] [Server thread/INFO]: Villager class_1646['Casey'/2068, l='ServerLevel[world]', x=-1053.70, y=51.00, z=-921.30] died, message: 'Casey was slain by Zombie'
[00:04:13] [Server thread/INFO]: Named entity class_1646['Casey'/2068, l='ServerLevel[world]', x=-1053.70, y=51.00, z=-921.30] died: Casey was slain by Zombie
[00:04:36] [Server thread/INFO]: [Brick_123: Teleported Brick_123 to fandangolol]
[00:05:35] [Server thread/INFO]: Brick_123 lost connection: Disconnected
[00:05:35] [Server thread/INFO]: Brick_123 left the game
[00:05:35] [Server thread/INFO]: remove player wand
[00:05:35] [Server thread/INFO]: Updating all forceload tickets for b8ccce96-c699-316b-86ea-02864658d0f4
[00:12:05] [Server thread/INFO]: [Handshake] Sending channel query
[00:12:06] [Netty Epoll Server IO #2/INFO]: [Handshake] Receiving client channels
[00:12:06] [Netty Epoll Server IO #2/INFO]: [Handshake] Handshake completed successfully
[00:12:06] [Server thread/INFO]: Nikuus[/127.61.205.57:37455] logged in with entity id 6951 at (-1052.020374120847, 63.875, -935.9627531462188)
[00:12:06] [Server thread/INFO]: Sending server config values to client
[00:12:06] [Server thread/INFO]: Syncing config to Nikuus (c7fc22c3-b593-320c-967c-7847d379b8a6)
[00:12:06] [Server thread/INFO]: Loading config from file...
[00:12:06] [Server thread/INFO]: [betternether] Freeze Registry[ResourceKey[minecraft:root / worlds_together:worldgen/betterx/surface_rules] (Stable)]
[00:12:07] [Server thread/INFO]: Nikuus joined the game
[00:12:07] [Server thread/INFO]: Loading Configs for Sortilege
[00:12:07] [Server thread/INFO]: Couldn't find config value for path : "[death, glowing_killer]", defaulting to true
[00:12:07] [Server thread/INFO]: PLAYER_JOIN
[00:12:07] [Server thread/INFO]: add_player wand
[00:12:07] [Server thread/INFO]: config sent
[00:12:07] [Server thread/INFO]: Updating all forceload tickets for c7fc22c3-b593-320c-967c-7847d379b8a6
[00:12:24] [Netty Epoll Server IO #2/INFO]: Receiving client config
[00:12:24] [Netty Epoll Server IO #2/INFO]: [Ping-Wheel] Channel update: Nikuus -> Global
[00:12:24] [Netty Epoll Server IO #2/INFO]: Priority overwritten for player Nikuus. Claiming: GRAVE / Robbing: INVENTORY
[00:14:06] [Server thread/INFO]: Nikuus lost connection: Disconnected
[00:14:06] [Server thread/INFO]: Nikuus left the game
[00:14:06] [Server thread/INFO]: remove player wand
[00:14:06] [Server thread/INFO]: Updating all forceload tickets for c7fc22c3-b593-320c-967c-7847d379b8a6
[00:14:06] [Server thread/WARN]: handleDisconnection() called twice
[00:21:09] [pool-3-thread-1/ERROR]: Null Pack ID! Analytics will not send!
[00:25:08] [Server thread/INFO]: fandangolol was slain by Zombie
[00:40:56] [Netty Epoll Server IO #7/INFO]: [do_a_barrel_roll] Client of fandangolol accepted server config.
[00:45:51] [Server thread/INFO]: [Handshake] Sending channel query
[00:45:51] [Netty Epoll Server IO #7/INFO]: [Handshake] Receiving client channels
[00:45:51] [Netty Epoll Server IO #7/INFO]: [Handshake] Handshake completed successfully
[00:45:51] [Server thread/INFO]: fandangolol lost connection: You logged in from another location
[00:45:51] [Server thread/INFO]: fandangolol left the game
[00:45:51] [Server thread/INFO]: remove player wand
[00:45:51] [Server thread/INFO]: Updating all forceload tickets for d7b548a9-f0a1-34e9-9688-c1616d727bd6
[00:45:51] [Server thread/INFO]: fandangolol[/127.199.177.232:55707] logged in with entity id 9698 at (-141.4095034698332, 63.0, -127.03668421268226)
[00:45:51] [Server thread/INFO]: Sending server config values to client
[00:45:51] [Server thread/INFO]: Syncing config to fandangolol (d7b548a9-f0a1-34e9-9688-c1616d727bd6)
[00:45:51] [Server thread/INFO]: Loading config from file...
[00:45:51] [Server thread/INFO]: [betternether] Freeze Registry[ResourceKey[minecraft:root / worlds_together:worldgen/betterx/surface_rules] (Stable)]
[00:45:51] [Server thread/INFO]: fandangolol joined the game
[00:45:51] [Server thread/INFO]: Loading Configs for Sortilege
[00:45:51] [Server thread/INFO]: Couldn't find config value for path : "[death, glowing_killer]", defaulting to true
[00:45:51] [Server thread/INFO]: PLAYER_JOIN
[00:45:51] [Server thread/INFO]: add_player wand
[00:45:51] [Server thread/INFO]: config sent
[00:45:51] [Server thread/INFO]: Updating all forceload tickets for d7b548a9-f0a1-34e9-9688-c1616d727bd6
[00:45:56] [Netty Epoll Server IO #7/INFO]: Receiving client config
[00:45:56] [Netty Epoll Server IO #7/INFO]: [Ping-Wheel] Channel update: fandangolol -> Global
[00:45:56] [Netty Epoll Server IO #7/INFO]: Priority overwritten for player fandangolol. Claiming: GRAVE / Robbing: INVENTORY
[00:46:22] [Netty Epoll Server IO #7/INFO]: [do_a_barrel_roll] Client of fandangolol accepted server config.
[00:48:57] [Server thread/INFO]: [fandangolol: Teleported fandangolol to -1088.500000, 63.500000, -945.500000]
[00:49:03] [Server thread/INFO]: fandangolol was slain by Zombie
[00:50:51] [Server thread/INFO]: fandangolol lost connection: Timed out
[00:50:51] [Server thread/INFO]: fandangolol left the game
[00:50:51] [Server thread/INFO]: remove player wand
[00:50:51] [Server thread/INFO]: Updating all forceload tickets for d7b548a9-f0a1-34e9-9688-c1616d727bd6
[00:51:09] [pool-3-thread-1/ERROR]: Null Pack ID! Analytics will not send!
[00:51:13] [Server thread/INFO]: [Handshake] Sending channel query
[00:51:13] [Netty Epoll Server IO #0/INFO]: [Handshake] Receiving client channels
[00:51:13] [Netty Epoll Server IO #0/INFO]: [Handshake] Handshake completed successfully
[00:51:14] [Server thread/INFO]: fandangolol[/127.199.177.232:43965] logged in with entity id 10567 at (-1088.5, 63.03584062504456, -945.5)
[00:51:14] [Server thread/INFO]: Sending server config values to client
[00:51:14] [Server thread/INFO]: Syncing config to fandangolol (d7b548a9-f0a1-34e9-9688-c1616d727bd6)
[00:51:14] [Server thread/INFO]: Loading config from file...
[00:51:14] [Server thread/INFO]: [betternether] Freeze Registry[ResourceKey[minecraft:root / worlds_together:worldgen/betterx/surface_rules] (Stable)]
[00:51:14] [Server thread/INFO]: fandangolol joined the game
[00:51:14] [Server thread/INFO]: Loading Configs for Sortilege
[00:51:14] [Server thread/INFO]: Couldn't find config value for path : "[death, glowing_killer]", defaulting to true
[00:51:14] [Server thread/INFO]: PLAYER_JOIN
[00:51:14] [Server thread/INFO]: add_player wand
[00:51:14] [Server thread/INFO]: config sent
[00:51:14] [Server thread/INFO]: Updating all forceload tickets for d7b548a9-f0a1-34e9-9688-c1616d727bd6
[00:51:47] [Netty Epoll Server IO #0/INFO]: Receiving client config
[00:51:50] [Netty Epoll Server IO #0/INFO]: [Ping-Wheel] Channel update: fandangolol -> Global
[00:51:50] [Netty Epoll Server IO #0/INFO]: Priority overwritten for player fandangolol. Claiming: GRAVE / Robbing: INVENTORY
[00:53:14] [Server thread/INFO]: fandangolol lost connection: Timed out
[00:53:14] [Server thread/INFO]: fandangolol left the game
[00:53:14] [Server thread/INFO]: remove player wand
[00:53:14] [Server thread/INFO]: Updating all forceload tickets for d7b548a9-f0a1-34e9-9688-c1616d727bd6
[00:53:48] [Server thread/INFO]: [Handshake] Sending channel query
[00:53:55] [Netty Epoll Server IO #2/INFO]: [Handshake] Receiving client channels
[00:53:55] [Netty Epoll Server IO #2/INFO]: [Handshake] Handshake completed successfully
[00:53:55] [Server thread/INFO]: fandangolol[/127.199.177.232:43709] logged in with entity id 10590 at (-1088.5, 63.03584062504456, -945.5)
[00:53:55] [Server thread/INFO]: Sending server config values to client
[00:53:55] [Server thread/INFO]: Syncing config to fandangolol (d7b548a9-f0a1-34e9-9688-c1616d727bd6)
[00:53:55] [Server thread/INFO]: Loading config from file...
[00:53:56] [Server thread/INFO]: [betternether] Freeze Registry[ResourceKey[minecraft:root / worlds_together:worldgen/betterx/surface_rules] (Stable)]
[00:53:56] [Server thread/INFO]: fandangolol joined the game
[00:53:56] [Server thread/INFO]: Loading Configs for Sortilege
[00:53:56] [Server thread/INFO]: Couldn't find config value for path : "[death, glowing_killer]", defaulting to true
[00:53:56] [Server thread/INFO]: PLAYER_JOIN
[00:53:56] [Server thread/INFO]: add_player wand
[00:53:56] [Server thread/INFO]: config sent
[00:53:56] [Server thread/INFO]: Updating all forceload tickets for d7b548a9-f0a1-34e9-9688-c1616d727bd6
[00:54:33] [Netty Epoll Server IO #2/INFO]: Receiving client config
[00:54:34] [Netty Epoll Server IO #2/INFO]: [Ping-Wheel] Channel update: fandangolol -> Global
[00:54:34] [Netty Epoll Server IO #2/INFO]: Priority overwritten for player fandangolol. Claiming: GRAVE / Robbing: INVENTORY
[00:55:56] [Server thread/INFO]: fandangolol lost connection: Timed out
[00:55:56] [Server thread/INFO]: fandangolol left the game
[00:55:56] [Server thread/INFO]: remove player wand
[00:55:56] [Server thread/INFO]: Updating all forceload tickets for d7b548a9-f0a1-34e9-9688-c1616d727bd6
[01:04:05] [Server thread/INFO]: Stopping the server
[01:04:05] [Server thread/ERROR]: Null Pack ID! Analytics will not send!
[01:04:05] [Server thread/INFO]: Invalidated damage temperature effect registry cache
[01:04:05] [Server thread/INFO]: Resetting environment controller...
[01:04:05] [Server thread/INFO]: Stopping server
[01:04:05] [Server thread/INFO]: Saving players
[01:04:05] [Server thread/INFO]: Saving worlds
[01:04:05] [Server thread/INFO]: Saving chunks for level 'ServerLevel[world]'/minecraft:overworld
[01:04:05] [Server thread/INFO]: Saving chunks for level 'ServerLevel[world]'/spellbladenext:glassocean
[01:04:05] [Server thread/INFO]: Saving chunks for level 'ServerLevel[world]'/minecells:black_bridge
[01:04:05] [Server thread/INFO]: Saving chunks for level 'ServerLevel[world]'/prominent:cinderstone_depths
[01:04:05] [Server thread/INFO]: Saving chunks for level 'ServerLevel[world]'/ad_astra:mars
[01:04:05] [Server thread/INFO]: Saving chunks for level 'ServerLevel[world]'/ad_astra:moon
[01:04:05] [Server thread/INFO]: Saving chunks for level 'ServerLevel[world]'/ad_astra:mercury_orbit
[01:04:05] [Server thread/INFO]: Saving chunks for level 'ServerLevel[world]'/ad_astra:moon_orbit
[01:04:05] [Server thread/INFO]: Saving chunks for level 'ServerLevel[world]'/ad_astra:venus_orbit
[01:04:05] [Server thread/INFO]: Saving chunks for level 'ServerLevel[world]'/ad_astra:glacio
[01:04:05] [Server thread/INFO]: Saving chunks for level 'ServerLevel[world]'/minecells:ramparts
[01:04:05] [Server thread/INFO]: Saving chunks for level 'ServerLevel[world]'/ad_astra:glacio_orbit
[01:04:05] [Server thread/INFO]: Saving chunks for level 'ServerLevel[world]'/ad_astra:venus
[01:04:05] [Server thread/INFO]: Saving chunks for level 'ServerLevel[world]'/minecells:promenade
[01:04:05] [Server thread/INFO]: Saving chunks for level 'ServerLevel[world]'/ad_astra:earth_orbit
[01:04:05] [Server thread/INFO]: Saving chunks for level 'ServerLevel[world]'/minecraft:the_nether
[01:04:05] [Server thread/INFO]: Saving chunks for level 'ServerLevel[world]'/minecraft:the_end
[01:04:05] [Server thread/INFO]: Saving chunks for level 'ServerLevel[world]'/minecells:insufferable_crypt
[01:04:05] [Server thread/INFO]: Saving chunks for level 'ServerLevel[world]'/ad_astra:mercury
[01:04:05] [Server thread/INFO]: Saving chunks for level 'ServerLevel[world]'/ad_astra:mars_orbit
[01:04:05] [Server thread/INFO]: Saving chunks for level 'ServerLevel[world]'/deeperdarker:otherside
[01:04:05] [Server thread/INFO]: Saving chunks for level 'ServerLevel[world]'/prominent:vaaz_volcano
[01:04:05] [Server thread/INFO]: Saving chunks for level 'ServerLevel[world]'/the_bumblezone:the_bumblezone
[01:04:05] [Server thread/INFO]: Saving chunks for level 'ServerLevel[world]'/minecells:prison
[01:04:05] [Server thread/INFO]: Saving chunks for level 'ServerLevel[world]'/ae2:spatial_storage
[01:04:05] [Server thread/INFO]: ThreadedAnvilChunkStorage (world): All chunks are saved
[01:04:05] [Server thread/INFO]: ThreadedAnvilChunkStorage (glassocean): All chunks are saved
[01:04:05] [Server thread/INFO]: ThreadedAnvilChunkStorage (black_bridge): All chunks are saved
[01:04:05] [Server thread/INFO]: ThreadedAnvilChunkStorage (cinderstone_depths): All chunks are saved
[01:04:05] [Server thread/INFO]: ThreadedAnvilChunkStorage (mars): All chunks are saved
[01:04:05] [Server thread/INFO]: ThreadedAnvilChunkStorage (moon): All chunks are saved
[01:04:05] [Server thread/INFO]: ThreadedAnvilChunkStorage (mercury_orbit): All chunks are saved
[01:04:05] [Server thread/INFO]: ThreadedAnvilChunkStorage (moon_orbit): All chunks are saved
[01:04:05] [Server thread/INFO]: ThreadedAnvilChunkStorage (venus_orbit): All chunks are saved
[01:04:05] [Server thread/INFO]: ThreadedAnvilChunkStorage (glacio): All chunks are saved
[01:04:05] [Server thread/INFO]: ThreadedAnvilChunkStorage (ramparts): All chunks are saved
[01:04:05] [Server thread/INFO]: ThreadedAnvilChunkStorage (glacio_orbit): All chunks are saved
[01:04:05] [Server thread/INFO]: ThreadedAnvilChunkStorage (venus): All chunks are saved
[01:04:05] [Server thread/INFO]: ThreadedAnvilChunkStorage (promenade): All chunks are saved
[01:04:05] [Server thread/INFO]: ThreadedAnvilChunkStorage (earth_orbit): All chunks are saved
[01:04:05] [Server thread/INFO]: ThreadedAnvilChunkStorage (DIM-1): All chunks are saved
[01:04:05] [Server thread/INFO]: ThreadedAnvilChunkStorage (DIM1): All chunks are saved
[01:04:05] [Server thread/INFO]: ThreadedAnvilChunkStorage (insufferable_crypt): All chunks are saved
[01:04:05] [Server thread/INFO]: ThreadedAnvilChunkStorage (mercury): All chunks are saved
[01:04:05] [Server thread/INFO]: ThreadedAnvilChunkStorage (mars_orbit): All chunks are saved
[01:04:05] [Server thread/INFO]: ThreadedAnvilChunkStorage (otherside): All chunks are saved
[01:04:05] [Server thread/INFO]: ThreadedAnvilChunkStorage (vaaz_volcano): All chunks are saved
[01:04:05] [Server thread/INFO]: ThreadedAnvilChunkStorage (the_bumblezone): All chunks are saved
[01:04:05] [Server thread/INFO]: ThreadedAnvilChunkStorage (prison): All chunks are saved
[01:04:05] [Server thread/INFO]: ThreadedAnvilChunkStorage (spatial_storage): All chunks are saved
[01:04:05] [Server thread/INFO]: ThreadedAnvilChunkStorage: All dimensions are saved
[01:04:05] [Server thread/INFO]: Stopping IO worker...
[01:04:05] [Server thread/INFO]: Stopped IO worker!
